<?xml version="1.0" encoding="UTF-8"?>
<testsuite xmlns:xsi="http://www.w3.org/2001/XMLSchema-instance" xsi:noNamespaceSchemaLocation="https://maven.apache.org/surefire/maven-surefire-plugin/xsd/surefire-test-report-3.0.xsd" version="3.0" name="com.labweek.menumate.MenumateApplicationTests" time="3.316" tests="1" errors="0" skipped="0" failures="0">
  <properties>
[...]
</properties>
  <testcase name="contextLoads" classname="com.labweek.menumate.MenumateApplicationTests" time="0.328">
    <system-out><![CDATA[Standard Commons Logging discovery in action with spring-jcl: please remove commons-logging.jar from classpath in order to avoid potential conflicts
00:52:30.637 [main] INFO org.springframework.test.context.support.AnnotationConfigContextLoaderUtils -- Could not detect default configuration classes for test class [com.labweek.menumate.MenumateApplicationTests]: MenumateApplicationTests does not declare any static, non-private, non-final, nested classes annotated with @Configuration.
00:52:30.701 [main] INFO org.springframework.boot.test.context.SpringBootTestContextBootstrapper -- Found @SpringBootConfiguration com.labweek.menumate.MenumateApplication for test class com.labweek.menumate.MenumateApplicationTests
00:52:30.788 [main] INFO org.springframework.boot.devtools.restart.RestartApplicationListener -- Restart disabled due to context in which it is running

  .   ____          _            __ _ _
 /\\ / ___'_ __ _ _(_)_ __  __ _ \ \ \ \
( ( )\___ | '_ | '_| | '_ \/ _` | \ \ \ \
 \\/  ___)| |_)| | | | | || (_| |  ) ) ) )
  '  |____| .__|_| |_|_| |_\__, | / / / /
 =========|_|==============|___/=/_/_/_/

 :: Spring Boot ::                (v3.3.4)

2024-11-10T00:52:30.924+05:30  INFO 59908 --- [menumate] [           main] c.l.menumate.MenumateApplicationTests    : Starting MenumateApplicationTests using Java 17.0.12 with PID 59908 (started by jmd138 in /Users/jmd138/Documents/GitHub/Buy-Sell-webapp)
2024-11-10T00:52:30.926+05:30  INFO 59908 --- [menumate] [           main] c.l.menumate.MenumateApplicationTests    : No active profile set, falling back to 1 default profile: "default"
2024-11-10T00:52:31.363+05:30  INFO 59908 --- [menumate] [           main] .s.d.r.c.RepositoryConfigurationDelegate : Bootstrapping Spring Data JPA repositories in DEFAULT mode.
2024-11-10T00:52:31.394+05:30  INFO 59908 --- [menumate] [           main] .s.d.r.c.RepositoryConfigurationDelegate : Finished Spring Data repository scanning in 28 ms. Found 2 JPA repository interfaces.
2024-11-10T00:52:31.675+05:30  INFO 59908 --- [menumate] [           main] o.hibernate.jpa.internal.util.LogHelper  : HHH000204: Processing PersistenceUnitInfo [name: default]
2024-11-10T00:52:31.701+05:30  INFO 59908 --- [menumate] [           main] org.hibernate.Version                    : HHH000412: Hibernate ORM core version 6.5.3.Final
2024-11-10T00:52:31.720+05:30  INFO 59908 --- [menumate] [           main] o.h.c.internal.RegionFactoryInitiator    : HHH000026: Second-level cache disabled
2024-11-10T00:52:31.860+05:30  INFO 59908 --- [menumate] [           main] o.s.o.j.p.SpringPersistenceUnitInfo      : No LoadTimeWeaver setup: ignoring JPA class transformer
2024-11-10T00:52:31.886+05:30  INFO 59908 --- [menumate] [           main] com.zaxxer.hikari.HikariDataSource       : HikariPool-1 - Starting...
2024-11-10T00:52:32.006+05:30  INFO 59908 --- [menumate] [           main] com.zaxxer.hikari.pool.HikariPool        : HikariPool-1 - Added connection org.postgresql.jdbc.PgConnection@9205c0a
2024-11-10T00:52:32.007+05:30  INFO 59908 --- [menumate] [           main] com.zaxxer.hikari.HikariDataSource       : HikariPool-1 - Start completed.
2024-11-10T00:52:32.023+05:30  WARN 59908 --- [menumate] [           main] org.hibernate.orm.deprecation            : HHH90000025: PostgreSQLDialect does not need to be specified explicitly using 'hibernate.dialect' (remove the property setting and it will be selected by default)
2024-11-10T00:52:32.454+05:30  INFO 59908 --- [menumate] [           main] o.h.e.t.j.p.i.JtaPlatformInitiator       : HHH000489: No JTA platform available (set 'hibernate.transaction.jta.platform' to enable JTA platform integration)
2024-11-10T00:52:32.485+05:30  INFO 59908 --- [menumate] [           main] j.LocalContainerEntityManagerFactoryBean : Initialized JPA EntityManagerFactory for persistence unit 'default'
2024-11-10T00:52:32.643+05:30  INFO 59908 --- [menumate] [           main] o.s.d.j.r.query.QueryEnhancerFactory     : Hibernate is in classpath; If applicable, HQL parser will be used.
2024-11-10T00:52:33.210+05:30  WARN 59908 --- [menumate] [           main] JpaBaseConfiguration$JpaWebConfiguration : spring.jpa.open-in-view is enabled by default. Therefore, database queries may be performed during view rendering. Explicitly configure spring.jpa.open-in-view to disable this warning
2024-11-10T00:52:33.223+05:30  WARN 59908 --- [menumate] [           main] .s.s.UserDetailsServiceAutoConfiguration : 

Using generated security password: 1fed9eac-db37-4ed0-bba0-7c093b7c218f

This generated password is for development use only. Your security configuration must be updated before running your application in production.

2024-11-10T00:52:33.226+05:30  INFO 59908 --- [menumate] [           main] r$InitializeUserDetailsManagerConfigurer : Global AuthenticationManager configured with UserDetailsService bean with name inMemoryUserDetailsManager
2024-11-10T00:52:33.510+05:30  INFO 59908 --- [menumate] [           main] c.l.menumate.MenumateApplicationTests    : Started MenumateApplicationTests in 2.727 seconds (process running for 3.481)
]]></system-out>
  </testcase>
</testsuite>